<?xml version="1.0" encoding="UTF-8"?>
<!-- Generated by org.testng.reporters.JUnitReportReporter -->
<testsuite hostname="JD14" failures="0" tests="4" name="runnerClass.runner" time="96.979" errors="0" timestamp="2022-05-10T21:18:29 IST" skipped="0">
  <testcase classname="runnerClass.runner" name="runScenario" time="29.428"/>
  <system-out/>
  <testcase classname="runnerClass.runner" name="runScenario" time="32.056"/>
  <system-out/>
  <testcase classname="runnerClass.runner" name="runScenario" time="11.838"/>
  <system-out/>
  <testcase classname="runnerClass.runner" name="runScenario" time="23.657"/>
  <system-out/>
</testsuite> <!-- runnerClass.runner -->
